<?xml version="1.0" encoding="UTF-8"?>
<!-- Generated by org.testng.reporters.JUnitReportReporter -->
<testsuite hostname="DESKTOP-ONM5U6M" failures="0" tests="1" name="verificationUsingTestNG.AssertEqualsAndNotEquals" time="0.014" errors="0" timestamp="2022-06-15T11:08:35 IST" skipped="0">
  <testcase classname="verificationUsingTestNG.AssertEqualsAndNotEquals" name="myMethod" time="0.014"/>
  <system-out>
    <![CDATA[Strings are not Matching TC is Passed]]>
  </system-out>
</testsuite> <!-- verificationUsingTestNG.AssertEqualsAndNotEquals -->
