<?xml version="1.0" encoding="UTF-8"?>
<!-- Generated by org.testng.reporters.JUnitReportReporter -->
<testsuite hostname="DESKTOP-ONM5U6M" failures="0" tests="1" name="kiteWithExcel.KiteTestClassUsingTestNG" time="50.841" errors="0" timestamp="2022-06-19T17:26:11 IST" skipped="0">
  <testcase classname="kiteWithExcel.KiteTestClassUsingTestNG" name="verifyKiteUserName" time="50.841"/>
  <system-out>
    <![CDATA[Validating User ID
Expected UserID and Actual UserID are Matching TC is PASSED]]>
  </system-out>
</testsuite> <!-- kiteWithExcel.KiteTestClassUsingTestNG -->
