<?xml version="1.0" encoding="UTF-8"?>
<!-- Generated by org.testng.reporters.JUnitReportReporter -->
<testsuite hostname="DESKTOP-ONM5U6M" failures="0" tests="1" name="verificationUsingTestNG.AssertTrueAndFalse" time="0.015" errors="0" timestamp="2022-06-15T11:37:23 IST" skipped="0">
  <testcase classname="verificationUsingTestNG.AssertTrueAndFalse" name="myMethod3" time="0.015"/>
  <system-out>
    <![CDATA[Value is False TC is Passed]]>
  </system-out>
</testsuite> <!-- verificationUsingTestNG.AssertTrueAndFalse -->
