<?xml version="1.0" encoding="UTF-8"?>
<!-- Generated by org.testng.reporters.JUnitReportReporter -->
<testsuite hostname="DESKTOP-ONM5U6M" failures="0" tests="1" name="serialAndparallelExecution.MyClass2" time="10.948" errors="0" timestamp="2022-06-15T10:27:22 IST" skipped="0">
  <testcase classname="serialAndparallelExecution.MyClass2" name="myMethod2" time="10.948"/>
  <system-out>
    <![CDATA[myMethod2 is Running]]>
  </system-out>
</testsuite> <!-- serialAndparallelExecution.MyClass2 -->
