<?xml version="1.0" encoding="UTF-8"?>
<!-- Generated by org.testng.reporters.JUnitReportReporter -->
<testsuite hostname="DESKTOP-ONM5U6M" failures="0" tests="2" name="testNGlistener.Gujrat" time="0.019" errors="0" timestamp="2022-06-23T10:08:56 IST" skipped="0">
  <testcase classname="testNGlistener.Gujrat" name="Surat" time="0.001"/>
  <system-out>
    <![CDATA[Suart TC is Running
TC is Success]]>
  </system-out>
  <testcase classname="testNGlistener.Gujrat" name="Ahmedabad" time="0.018"/>
  <system-out>
    <![CDATA[Ahmedabad TC is Running
TC is Success]]>
  </system-out>
</testsuite> <!-- testNGlistener.Gujrat -->
