<?xml version="1.0" encoding="UTF-8"?>
<!-- Generated by org.testng.reporters.JUnitReportReporter -->
<testsuite hostname="DESKTOP-ONM5U6M" failures="0" tests="5" name="xmlStudy.MyTest1" time="0.010" errors="0" timestamp="2022-06-14T16:39:37 IST" skipped="0">
  <testcase classname="xmlStudy.MyTest1" name="myMethod2" time="0.002"/>
  <system-out>
    <![CDATA[my Method2 is Running]]>
  </system-out>
  <testcase classname="xmlStudy.MyTest1" name="myMethod5" time="0.003"/>
  <system-out>
    <![CDATA[my Method5 is Running]]>
  </system-out>
  <testcase classname="xmlStudy.MyTest1" name="myMethod4" time="0.001"/>
  <system-out>
    <![CDATA[my Method4 is Running]]>
  </system-out>
  <testcase classname="xmlStudy.MyTest1" name="myMethod1" time="0.003"/>
  <system-out>
    <![CDATA[my Method1 is Running]]>
  </system-out>
  <testcase classname="xmlStudy.MyTest1" name="myMethod3" time="0.001"/>
  <system-out>
    <![CDATA[my Method3 is Running]]>
  </system-out>
</testsuite> <!-- xmlStudy.MyTest1 -->
