<?xml version="1.0" encoding="UTF-8"?>
<!-- Generated by org.testng.reporters.JUnitReportReporter -->
<testsuite hostname="DESKTOP-ONM5U6M" failures="0" tests="1" name="serialAndparallelExecution.MyClass1" time="13.173" errors="0" timestamp="2022-06-15T10:27:22 IST" skipped="0">
  <testcase classname="serialAndparallelExecution.MyClass1" name="myMethod1" time="13.173"/>
  <system-out>
    <![CDATA[myMethod1 is Running]]>
  </system-out>
</testsuite> <!-- serialAndparallelExecution.MyClass1 -->
