<?xml version="1.0" encoding="UTF-8"?>
<!-- Generated by org.testng.reporters.JUnitReportReporter -->
<testsuite hostname="DESKTOP-ONM5U6M" failures="0" tests="3" name="testNGkeywords.InvocationCountUse" time="0.013" errors="0" timestamp="2022-06-13T19:38:30 IST" skipped="0">
  <testcase classname="testNGkeywords.InvocationCountUse" name="myMethod" time="0.002"/>
  <system-out>
    <![CDATA[My Method is Running]]>
  </system-out>
  <testcase classname="testNGkeywords.InvocationCountUse" name="myMethod" time="0.009"/>
  <system-out>
    <![CDATA[My Method is Running]]>
  </system-out>
  <testcase classname="testNGkeywords.InvocationCountUse" name="myMethod" time="0.002"/>
  <system-out>
    <![CDATA[My Method is Running]]>
  </system-out>
</testsuite> <!-- testNGkeywords.InvocationCountUse -->
