<?xml version="1.0" encoding="UTF-8"?>
<!-- Generated by org.testng.reporters.JUnitReportReporter -->
<testsuite hostname="DESKTOP-ONM5U6M" failures="0" tests="1" name="serialAndparallelExecution.MyClass3" time="20.452" errors="0" timestamp="2022-06-15T10:27:22 IST" skipped="0">
  <testcase classname="serialAndparallelExecution.MyClass3" name="myMethod3" time="20.452"/>
  <system-out>
    <![CDATA[myMethod3 is Running]]>
  </system-out>
</testsuite> <!-- serialAndparallelExecution.MyClass3 -->
