<?xml version="1.0" encoding="UTF-8"?>
<!-- Generated by org.testng.reporters.JUnitReportReporter -->
<testsuite hostname="DESKTOP-ONM5U6M" failures="0" tests="2" name="testNGlistener.Maharashtra" time="0.002" errors="0" timestamp="2022-06-23T10:08:56 IST" skipped="0">
  <testcase classname="testNGlistener.Maharashtra" name="Shahada" time="0.001"/>
  <system-out>
    <![CDATA[Shahada TC is Running
TC is Success]]>
  </system-out>
  <testcase classname="testNGlistener.Maharashtra" name="Nandurbar" time="0.001"/>
  <system-out>
    <![CDATA[Nandurbar TC is Running
TC is Success]]>
  </system-out>
</testsuite> <!-- testNGlistener.Maharashtra -->
