<?xml version="1.0" encoding="UTF-8"?>
<!-- Generated by org.testng.reporters.JUnitReportReporter -->
<testsuite hostname="DESKTOP-ONM5U6M" failures="0" tests="5" name="xmlStudy.MyTest4" time="0.006" errors="0" timestamp="2022-06-14T16:39:37 IST" skipped="0">
  <testcase classname="xmlStudy.MyTest4" name="myMethod7" time="0.001"/>
  <system-out>
    <![CDATA[my Method7 Sanity is Running]]>
  </system-out>
  <testcase classname="xmlStudy.MyTest4" name="myMethod10" time="0.001"/>
  <system-out>
    <![CDATA[my Method10 is Running]]>
  </system-out>
  <testcase classname="xmlStudy.MyTest4" name="myMethod9" time="0.001"/>
  <system-out>
    <![CDATA[my Method9 is Running]]>
  </system-out>
  <testcase classname="xmlStudy.MyTest4" name="myMethod6" time="0.002"/>
  <system-out>
    <![CDATA[my Method6 Regression is Running]]>
  </system-out>
  <testcase classname="xmlStudy.MyTest4" name="myMethod8" time="0.001"/>
  <system-out>
    <![CDATA[my Method8 is Running]]>
  </system-out>
</testsuite> <!-- xmlStudy.MyTest4 -->
