<?xml version="1.0" encoding="UTF-8"?>
<!-- Generated by org.testng.reporters.JUnitReportReporter -->
<testsuite hostname="DESKTOP-ONM5U6M" failures="0" tests="2" name="testNG.AnnotationsStudy" time="0.019" errors="0" timestamp="2022-06-11T20:41:11 IST" skipped="0">
  <testcase classname="testNG.AnnotationsStudy" name="myTest1" time="0.014"/>
  <system-out>
    <![CDATA[Test Method1 is Running ]]>
  </system-out>
  <testcase classname="testNG.AnnotationsStudy" name="myTest2" time="0.005"/>
  <system-out>
    <![CDATA[Test Method2 is Running]]>
  </system-out>
</testsuite> <!-- testNG.AnnotationsStudy -->
