<?xml version="1.0" encoding="UTF-8"?>
<!-- Generated by org.testng.reporters.JUnitReportReporter -->
<testsuite hostname="DESKTOP-ONM5U6M" failures="0" tests="2" name="xmlStudy.MyTest" time="0.007" errors="0" timestamp="2022-06-13T15:36:52 IST" skipped="0">
  <testcase classname="xmlStudy.MyTest" name="myMethod4" time="0.001"/>
  <system-out>
    <![CDATA[my Method4 is Running]]>
  </system-out>
  <testcase classname="xmlStudy.MyTest" name="myMethod3" time="0.006"/>
  <system-out>
    <![CDATA[my Method3 is Running]]>
  </system-out>
</testsuite> <!-- xmlStudy.MyTest -->
