<?xml version="1.0" encoding="UTF-8"?>
<!-- Generated by org.testng.reporters.JUnitReportReporter -->
<testsuite hostname="DESKTOP-ONM5U6M" failures="0" tests="1" name="verificationUsingTestNG.Verification" time="18.695" errors="0" timestamp="2022-06-15T10:51:15 IST" skipped="0">
  <testcase classname="verificationUsingTestNG.Verification" name="myTC" time="18.695"/>
  <system-out>
    <![CDATA[CheckBox is Selected TC is Passed]]>
  </system-out>
</testsuite> <!-- verificationUsingTestNG.Verification -->
