<?xml version="1.0" encoding="UTF-8"?>
<!-- Generated by org.testng.reporters.JUnitReportReporter -->
<testsuite hostname="DESKTOP-ONM5U6M" failures="0" tests="2" name="testNGlistener.MyTestClass" time="0.013" errors="0" timestamp="2022-06-21T15:08:08 IST" skipped="0">
  <testcase classname="testNGlistener.MyTestClass" name="myTest" time="0.011"/>
  <system-out>
    <![CDATA[TC is Success]]>
  </system-out>
  <testcase classname="testNGlistener.MyTestClass" name="myMethod" time="0.002"/>
  <system-out>
    <![CDATA[Hi Good Morning
TC is Success]]>
  </system-out>
</testsuite> <!-- testNGlistener.MyTestClass -->
