<?xml version="1.0" encoding="UTF-8"?>
<!-- Generated by org.testng.reporters.JUnitReportReporter -->
<testsuite hostname="DESKTOP-ONM5U6M" failures="0" tests="4" name="testNGkeywords.TimeoutUse" time="2.022" errors="0" timestamp="2022-06-13T19:38:30 IST" skipped="0">
  <testcase classname="testNGkeywords.TimeoutUse" name="A" time="0.002"/>
  <system-out>
    <![CDATA[A is Running]]>
  </system-out>
  <testcase classname="testNGkeywords.TimeoutUse" name="C" time="0.002"/>
  <system-out>
    <![CDATA[C is Running]]>
  </system-out>
  <testcase classname="testNGkeywords.TimeoutUse" name="B" time="0.002"/>
  <system-out>
    <![CDATA[B is Running]]>
  </system-out>
  <testcase classname="testNGkeywords.TimeoutUse" name="D" time="2.016"/>
  <system-out>
    <![CDATA[D is Running]]>
  </system-out>
</testsuite> <!-- testNGkeywords.TimeoutUse -->
