<?xml version="1.0" encoding="UTF-8"?>
<!-- Generated by org.testng.reporters.JUnitReportReporter -->
<testsuite hostname="DESKTOP-ONM5U6M" failures="0" tests="4" name="testNGkeywords.Enableduse" time="0.011" errors="0" timestamp="2022-06-13T19:38:30 IST" skipped="0">
  <testcase classname="testNGkeywords.Enableduse" name="D" time="0.002"/>
  <system-out>
    <![CDATA[D is Running]]>
  </system-out>
  <testcase classname="testNGkeywords.Enableduse" name="C" time="0.005"/>
  <system-out>
    <![CDATA[C is Running]]>
  </system-out>
  <testcase classname="testNGkeywords.Enableduse" name="A" time="0.001"/>
  <system-out>
    <![CDATA[A is Running]]>
  </system-out>
  <testcase classname="testNGkeywords.Enableduse" name="B" time="0.003"/>
  <system-out>
    <![CDATA[B is Running]]>
  </system-out>
</testsuite> <!-- testNGkeywords.Enableduse -->
